# JRE version: OpenJDK Runtime Environment (7.0_79-b14) (build 1.7.0_79-b14)
# Java VM: OpenJDK 64-Bit Server VM (24.79-b02 mixed mode linux-amd64 compressed oops)
Heap
 PSYoungGen      total 71168K, used 2770K [0x00000000f8000000, 0x00000000fd200000, 0x0000000100000000)
  eden space 58368K, 4% used [0x00000000f8000000,0x00000000f82b49e8,0x00000000fb900000)
  from space 12800K, 0% used [0x00000000fc580000,0x00000000fc580000,0x00000000fd200000)
  to   space 12800K, 0% used [0x00000000fb900000,0x00000000fb900000,0x00000000fc580000)
 ParOldGen       total 49152K, used 20914K [0x00000000e8000000, 0x00000000eb000000, 0x00000000f8000000)
  object space 49152K, 42% used [0x00000000e8000000,0x00000000e946c848,0x00000000eb000000)
 PSPermGen       total 94720K, used 52195K [0x00000000d8000000, 0x00000000ddc80000, 0x00000000e8000000)
  object space 94720K, 55% used [0x00000000d8000000,0x00000000db2f8c10,0x00000000ddc80000)
GC Heap History (10 events):
Event: 247,034 GC heap before
{Heap before GC invocations=20 (full 4):
 PSYoungGen      total 71168K, used 64K [0x00000000f8000000, 0x00000000fd200000, 0x0000000100000000)
  eden space 58368K, 0% used [0x00000000f8000000,0x00000000f8000000,0x00000000fb900000)
  from space 12800K, 0% used [0x00000000fc580000,0x00000000fc590000,0x00000000fd200000)
  to   space 12800K, 0% used [0x00000000fb900000,0x00000000fb900000,0x00000000fc580000)
 ParOldGen       total 49152K, used 20975K [0x00000000e8000000, 0x00000000eb000000, 0x00000000f8000000)
  object space 49152K, 42% used [0x00000000e8000000,0x00000000e947bd70,0x00000000eb000000)
 PSPermGen       total 108032K, used 51561K [0x00000000d8000000, 0x00000000de980000, 0x00000000e8000000)
  object space 108032K, 47% used [0x00000000d8000000,0x00000000db25a698,0x00000000de980000)
Event: 247,150 GC heap after
Heap after GC invocations=20 (full 4):
 PSYoungGen      total 71168K, used 0K [0x00000000f8000000, 0x00000000fd200000, 0x0000000100000000)
  eden space 58368K, 0% used [0x00000000f8000000,0x00000000f8000000,0x00000000fb900000)
  from space 12800K, 0% used [0x00000000fc580000,0x00000000fc580000,0x00000000fd200000)
  to   space 12800K, 0% used [0x00000000fb900000,0x00000000fb900000,0x00000000fc580000)
 ParOldGen       total 49152K, used 20973K [0x00000000e8000000, 0x00000000eb000000, 0x00000000f8000000)
  object space 49152K, 42% used [0x00000000e8000000,0x00000000e947b758,0x00000000eb000000)
 PSPermGen       total 103424K, used 51561K [0x00000000d8000000, 0x00000000de500000, 0x00000000e8000000)
  object space 103424K, 49% used [0x00000000d8000000,0x00000000db25a698,0x00000000de500000)
}
Event: 307,152 GC heap before
{Heap before GC invocations=21 (full 4):
 PSYoungGen      total 71168K, used 1465K [0x00000000f8000000, 0x00000000fd200000, 0x0000000100000000)
  eden space 58368K, 2% used [0x00000000f8000000,0x00000000f816e6c0,0x00000000fb900000)
  from space 12800K, 0% used [0x00000000fc580000,0x00000000fc580000,0x00000000fd200000)
  to   space 12800K, 0% used [0x00000000fb900000,0x00000000fb900000,0x00000000fc580000)
 ParOldGen       total 49152K, used 20973K [0x00000000e8000000, 0x00000000eb000000, 0x00000000f8000000)
  object space 49152K, 42% used [0x00000000e8000000,0x00000000e947b758,0x00000000eb000000)
 PSPermGen       total 103424K, used 51562K [0x00000000d8000000, 0x00000000de500000, 0x00000000e8000000)
  object space 103424K, 49% used [0x00000000d8000000,0x00000000db25a8e8,0x00000000de500000)
Event: 307,155 GC heap after
Heap after GC invocations=21 (full 4):
 PSYoungGen      total 71168K, used 32K [0x00000000f8000000, 0x00000000fd200000, 0x0000000100000000)
  eden space 58368K, 0% used [0x00000000f8000000,0x00000000f8000000,0x00000000fb900000)
  from space 12800K, 0% used [0x00000000fb900000,0x00000000fb908000,0x00000000fc580000)
  to   space 12800K, 0% used [0x00000000fc580000,0x00000000fc580000,0x00000000fd200000)
 ParOldGen       total 49152K, used 20973K [0x00000000e8000000, 0x00000000eb000000, 0x00000000f8000000)
  object space 49152K, 42% used [0x00000000e8000000,0x00000000e947b758,0x00000000eb000000)
 PSPermGen       total 103424K, used 51562K [0x00000000d8000000, 0x00000000de500000, 0x00000000e8000000)
  object space 103424K, 49% used [0x00000000d8000000,0x00000000db25a8e8,0x00000000de500000)
}
Event: 307,155 GC heap before
{Heap before GC invocations=22 (full 5):
 PSYoungGen      total 71168K, used 32K [0x00000000f8000000, 0x00000000fd200000, 0x0000000100000000)
  eden space 58368K, 0% used [0x00000000f8000000,0x00000000f8000000,0x00000000fb900000)
  from space 12800K, 0% used [0x00000000fb900000,0x00000000fb908000,0x00000000fc580000)
  to   space 12800K, 0% used [0x00000000fc580000,0x00000000fc580000,0x00000000fd200000)
 ParOldGen       total 49152K, used 20973K [0x00000000e8000000, 0x00000000eb000000, 0x00000000f8000000)
  object space 49152K, 42% used [0x00000000e8000000,0x00000000e947b758,0x00000000eb000000)
 PSPermGen       total 103424K, used 51562K [0x00000000d8000000, 0x00000000de500000, 0x00000000e8000000)
  object space 103424K, 49% used [0x00000000d8000000,0x00000000db25a8e8,0x00000000de500000)
Event: 307,266 GC heap after
Heap after GC invocations=22 (full 5):
 PSYoungGen      total 71168K, used 0K [0x00000000f8000000, 0x00000000fd200000, 0x0000000100000000)
  eden space 58368K, 0% used [0x00000000f8000000,0x00000000f8000000,0x00000000fb900000)
  from space 12800K, 0% used [0x00000000fb900000,0x00000000fb900000,0x00000000fc580000)
  to   space 12800K, 0% used [0x00000000fc580000,0x00000000fc580000,0x00000000fd200000)
 ParOldGen       total 49152K, used 20973K [0x00000000e8000000, 0x00000000eb000000, 0x00000000f8000000)
  object space 49152K, 42% used [0x00000000e8000000,0x00000000e947b758,0x00000000eb000000)
 PSPermGen       total 99328K, used 51562K [0x00000000d8000000, 0x00000000de100000, 0x00000000e8000000)
  object space 99328K, 51% used [0x00000000d8000000,0x00000000db25a8e8,0x00000000de100000)
}
Event: 367,153 GC heap before
{Heap before GC invocations=23 (full 5):
 PSYoungGen      total 71168K, used 1267K [0x00000000f8000000, 0x00000000fd200000, 0x0000000100000000)
  eden space 58368K, 2% used [0x00000000f8000000,0x00000000f813ccd8,0x00000000fb900000)
  from space 12800K, 0% used [0x00000000fb900000,0x00000000fb900000,0x00000000fc580000)
  to   space 12800K, 0% used [0x00000000fc580000,0x00000000fc580000,0x00000000fd200000)
 ParOldGen       total 49152K, used 20973K [0x00000000e8000000, 0x00000000eb000000, 0x00000000f8000000)
  object space 49152K, 42% used [0x00000000e8000000,0x00000000e947b758,0x00000000eb000000)
 PSPermGen       total 99328K, used 51563K [0x00000000d8000000, 0x00000000de100000, 0x00000000e8000000)
  object space 99328K, 51% used [0x00000000d8000000,0x00000000db25ac68,0x00000000de100000)
Event: 367,155 GC heap after
Heap after GC invocations=23 (full 5):
 PSYoungGen      total 71168K, used 32K [0x00000000f8000000, 0x00000000fd200000, 0x0000000100000000)
  eden space 58368K, 0% used [0x00000000f8000000,0x00000000f8000000,0x00000000fb900000)
  from space 12800K, 0% used [0x00000000fc580000,0x00000000fc588000,0x00000000fd200000)
  to   space 12800K, 0% used [0x00000000fb900000,0x00000000fb900000,0x00000000fc580000)
 ParOldGen       total 49152K, used 20973K [0x00000000e8000000, 0x00000000eb000000, 0x00000000f8000000)
  object space 49152K, 42% used [0x00000000e8000000,0x00000000e947b758,0x00000000eb000000)
 PSPermGen       total 99328K, used 51563K [0x00000000d8000000, 0x00000000de100000, 0x00000000e8000000)
  object space 99328K, 51% used [0x00000000d8000000,0x00000000db25ac68,0x00000000de100000)
}
Event: 367,155 GC heap before
{Heap before GC invocations=24 (full 6):
 PSYoungGen      total 71168K, used 32K [0x00000000f8000000, 0x00000000fd200000, 0x0000000100000000)
  eden space 58368K, 0% used [0x00000000f8000000,0x00000000f8000000,0x00000000fb900000)
  from space 12800K, 0% used [0x00000000fc580000,0x00000000fc588000,0x00000000fd200000)
  to   space 12800K, 0% used [0x00000000fb900000,0x00000000fb900000,0x00000000fc580000)
 ParOldGen       total 49152K, used 20973K [0x00000000e8000000, 0x00000000eb000000, 0x00000000f8000000)
  object space 49152K, 42% used [0x00000000e8000000,0x00000000e947b758,0x00000000eb000000)
 PSPermGen       total 99328K, used 51563K [0x00000000d8000000, 0x00000000de100000, 0x00000000e8000000)
  object space 99328K, 51% used [0x00000000d8000000,0x00000000db25ac68,0x00000000de100000)
Event: 367,316 GC heap after
Heap after GC invocations=24 (full 6):
 PSYoungGen      total 71168K, used 0K [0x00000000f8000000, 0x00000000fd200000, 0x0000000100000000)
  eden space 58368K, 0% used [0x00000000f8000000,0x00000000f8000000,0x00000000fb900000)
  from space 12800K, 0% used [0x00000000fc580000,0x00000000fc580000,0x00000000fd200000)
  to   space 12800K, 0% used [0x00000000fb900000,0x00000000fb900000,0x00000000fc580000)
 ParOldGen       total 49152K, used 20914K [0x00000000e8000000, 0x00000000eb000000, 0x00000000f8000000)
  object space 49152K, 42% used [0x00000000e8000000,0x00000000e946c848,0x00000000eb000000)
 PSPermGen       total 94720K, used 51563K [0x00000000d8000000, 0x00000000ddc80000, 0x00000000e8000000)
  object space 94720K, 54% used [0x00000000d8000000,0x00000000db25ac68,0x00000000ddc80000)
}

